[2024-08-01 17:01:40Z INFO HostContext] No proxy settings were found based on environmental variables (http_proxy/https_proxy/HTTP_PROXY/HTTPS_PROXY)
[2024-08-01 17:01:40Z INFO HostContext] Well known directory 'Bin': '/home/adam-noah/Desktop/lp_web/actions-runner/bin'
[2024-08-01 17:01:40Z INFO HostContext] Well known directory 'Root': '/home/adam-noah/Desktop/lp_web/actions-runner'
[2024-08-01 17:01:40Z INFO HostContext] Well known config file 'Credentials': '/home/adam-noah/Desktop/lp_web/actions-runner/.credentials'
[2024-08-01 17:01:40Z INFO HostContext] Well known directory 'Bin': '/home/adam-noah/Desktop/lp_web/actions-runner/bin'
[2024-08-01 17:01:40Z INFO HostContext] Well known directory 'Root': '/home/adam-noah/Desktop/lp_web/actions-runner'
[2024-08-01 17:01:40Z INFO HostContext] Well known config file 'Runner': '/home/adam-noah/Desktop/lp_web/actions-runner/.runner'
[2024-08-01 17:01:40Z INFO Listener] Runner is built for Linux (X64) - linux-x64.
[2024-08-01 17:01:40Z INFO Listener] RuntimeInformation: Linux 6.8.0-39-generic #39-Ubuntu SMP PREEMPT_DYNAMIC Fri Jul  5 21:49:14 UTC 2024.
[2024-08-01 17:01:40Z INFO Listener] Version: 2.317.0
[2024-08-01 17:01:40Z INFO Listener] Commit: 6dc005ee3690a0303e0d7269b6f60295d22dcfad
[2024-08-01 17:01:40Z INFO Listener] Culture: en-US
[2024-08-01 17:01:40Z INFO Listener] UI Culture: en-US
[2024-08-01 17:01:40Z INFO HostContext] Well known directory 'Bin': '/home/adam-noah/Desktop/lp_web/actions-runner/bin'
[2024-08-01 17:01:40Z INFO HostContext] Well known directory 'Root': '/home/adam-noah/Desktop/lp_web/actions-runner'
[2024-08-01 17:01:40Z INFO Listener] Validating directory permissions for: '/home/adam-noah/Desktop/lp_web/actions-runner'
[2024-08-01 17:01:40Z INFO CommandLineParser] Parse
[2024-08-01 17:01:40Z INFO CommandLineParser] Parsing 5 args
[2024-08-01 17:01:40Z INFO CommandLineParser] parsing argument
[2024-08-01 17:01:40Z INFO CommandLineParser] HasArgs: False
[2024-08-01 17:01:40Z INFO CommandLineParser] Adding Command: configure
[2024-08-01 17:01:40Z INFO CommandLineParser] parsing argument
[2024-08-01 17:01:40Z INFO CommandLineParser] HasArgs: True
[2024-08-01 17:01:40Z INFO CommandLineParser] arg: url
[2024-08-01 17:01:40Z INFO CommandLineParser] parsing argument
[2024-08-01 17:01:40Z INFO CommandLineParser] HasArgs: True
[2024-08-01 17:01:40Z INFO CommandLineParser] Adding option 'url': 'https://github.com/adamn1225/lp_web'
[2024-08-01 17:01:40Z INFO CommandLineParser] parsing argument
[2024-08-01 17:01:40Z INFO CommandLineParser] HasArgs: True
[2024-08-01 17:01:40Z INFO CommandLineParser] arg: token
[2024-08-01 17:01:40Z INFO CommandLineParser] parsing argument
[2024-08-01 17:01:40Z INFO CommandLineParser] HasArgs: True
[2024-08-01 17:01:40Z INFO CommandLineParser] Adding option 'token': '***'
[2024-08-01 17:01:40Z INFO Listener] Arguments parsed
[2024-08-01 17:01:40Z INFO Runner] ExecuteCommand
[2024-08-01 17:01:40Z INFO ConfigurationStore] currentAssemblyLocation: /home/adam-noah/Desktop/lp_web/actions-runner/bin/Runner.Listener.dll
[2024-08-01 17:01:40Z INFO HostContext] Well known directory 'Bin': '/home/adam-noah/Desktop/lp_web/actions-runner/bin'
[2024-08-01 17:01:40Z INFO ConfigurationStore] binPath: /home/adam-noah/Desktop/lp_web/actions-runner/bin
[2024-08-01 17:01:40Z INFO HostContext] Well known directory 'Bin': '/home/adam-noah/Desktop/lp_web/actions-runner/bin'
[2024-08-01 17:01:40Z INFO HostContext] Well known directory 'Root': '/home/adam-noah/Desktop/lp_web/actions-runner'
[2024-08-01 17:01:40Z INFO ConfigurationStore] RootFolder: /home/adam-noah/Desktop/lp_web/actions-runner
[2024-08-01 17:01:40Z INFO HostContext] Well known directory 'Bin': '/home/adam-noah/Desktop/lp_web/actions-runner/bin'
[2024-08-01 17:01:40Z INFO HostContext] Well known directory 'Root': '/home/adam-noah/Desktop/lp_web/actions-runner'
[2024-08-01 17:01:40Z INFO HostContext] Well known config file 'Runner': '/home/adam-noah/Desktop/lp_web/actions-runner/.runner'
[2024-08-01 17:01:40Z INFO ConfigurationStore] ConfigFilePath: /home/adam-noah/Desktop/lp_web/actions-runner/.runner
[2024-08-01 17:01:40Z INFO HostContext] Well known directory 'Bin': '/home/adam-noah/Desktop/lp_web/actions-runner/bin'
[2024-08-01 17:01:40Z INFO HostContext] Well known directory 'Root': '/home/adam-noah/Desktop/lp_web/actions-runner'
[2024-08-01 17:01:40Z INFO HostContext] Well known config file 'Credentials': '/home/adam-noah/Desktop/lp_web/actions-runner/.credentials'
[2024-08-01 17:01:40Z INFO ConfigurationStore] CredFilePath: /home/adam-noah/Desktop/lp_web/actions-runner/.credentials
[2024-08-01 17:01:40Z INFO HostContext] Well known directory 'Bin': '/home/adam-noah/Desktop/lp_web/actions-runner/bin'
[2024-08-01 17:01:40Z INFO HostContext] Well known directory 'Root': '/home/adam-noah/Desktop/lp_web/actions-runner'
[2024-08-01 17:01:40Z INFO HostContext] Well known config file 'MigratedCredentials': '/home/adam-noah/Desktop/lp_web/actions-runner/.credentials_migrated'
[2024-08-01 17:01:40Z INFO ConfigurationStore] MigratedCredFilePath: /home/adam-noah/Desktop/lp_web/actions-runner/.credentials_migrated
[2024-08-01 17:01:40Z INFO HostContext] Well known directory 'Bin': '/home/adam-noah/Desktop/lp_web/actions-runner/bin'
[2024-08-01 17:01:40Z INFO HostContext] Well known directory 'Root': '/home/adam-noah/Desktop/lp_web/actions-runner'
[2024-08-01 17:01:40Z INFO HostContext] Well known config file 'Service': '/home/adam-noah/Desktop/lp_web/actions-runner/.service'
[2024-08-01 17:01:40Z INFO ConfigurationStore] ServiceConfigFilePath: /home/adam-noah/Desktop/lp_web/actions-runner/.service
[2024-08-01 17:01:40Z INFO CommandSettings] Flag 'help': 'False'
[2024-08-01 17:01:40Z INFO CommandSettings] Flag 'version': 'False'
[2024-08-01 17:01:40Z INFO CommandSettings] Flag 'commit': 'False'
[2024-08-01 17:01:40Z INFO CommandSettings] Flag 'check': 'False'
[2024-08-01 17:01:40Z INFO CommandSettings] Command 'configure': 'True'
[2024-08-01 17:01:40Z INFO Terminal] WRITE LINE: 
[2024-08-01 17:01:40Z INFO Terminal] WRITE LINE: --------------------------------------------------------------------------------
[2024-08-01 17:01:40Z INFO Terminal] WRITE LINE: |        ____ _ _   _   _       _          _        _   _                      |
[2024-08-01 17:01:40Z INFO Terminal] WRITE LINE: |       / ___(_) |_| | | |_   _| |__      / \   ___| |_(_) ___  _ __  ___      |
[2024-08-01 17:01:40Z INFO Terminal] WRITE LINE: |      | |  _| | __| |_| | | | | '_ \    / _ \ / __| __| |/ _ \| '_ \/ __|     |
[2024-08-01 17:01:40Z INFO Terminal] WRITE LINE: |      | |_| | | |_|  _  | |_| | |_) |  / ___ \ (__| |_| | (_) | | | \__ \     |
[2024-08-01 17:01:40Z INFO Terminal] WRITE LINE: |       \____|_|\__|_| |_|\__,_|_.__/  /_/   \_\___|\__|_|\___/|_| |_|___/     |
[2024-08-01 17:01:40Z INFO Terminal] WRITE LINE: |                                                                              |
[2024-08-01 17:01:40Z INFO Terminal] WRITE: |                       
[2024-08-01 17:01:40Z INFO Terminal] WRITE: Self-hosted runner registration
[2024-08-01 17:01:40Z INFO Terminal] WRITE LINE:                         |
[2024-08-01 17:01:40Z INFO Terminal] WRITE LINE: |                                                                              |
[2024-08-01 17:01:40Z INFO Terminal] WRITE LINE: --------------------------------------------------------------------------------
[2024-08-01 17:01:40Z INFO ConfigurationManager] ConfigureAsync
[2024-08-01 17:01:40Z INFO CommandSettings] Flag 'generateServiceConfig': 'False'
[2024-08-01 17:01:40Z INFO ConfigurationStore] IsConfigured()
[2024-08-01 17:01:40Z INFO ConfigurationStore] IsConfigured: False
[2024-08-01 17:01:40Z INFO ConfigurationManager] Is configured: False
[2024-08-01 17:01:40Z INFO CommandSettings] Arg 'url': 'https://github.com/adamn1225/lp_web'
[2024-08-01 17:01:40Z INFO CommandSettings] Remove url from Arg dictionary.
[2024-08-01 17:01:40Z INFO CommandSettings] Arg 'token': '***'
[2024-08-01 17:01:40Z INFO CommandSettings] Remove token from Arg dictionary.
[2024-08-01 17:01:41Z INFO ConfigurationManager] Http response code: OK from 'POST https://api.github.com/actions/runner-registration' (BAD0:B0150:3F9CEC:774BD0:66ABBF74)
[2024-08-01 17:01:41Z INFO ConfigurationManager] Using V2 flow: False
[2024-08-01 17:01:41Z INFO ConfigurationManager] cred retrieved via GitHub auth
[2024-08-01 17:01:41Z INFO RunnerServer] EstablishVssConnection
[2024-08-01 17:01:41Z INFO RunnerServer] Establish connection with 100 seconds timeout.
[2024-08-01 17:01:41Z INFO GitHubActionsService] Starting operation Location.GetConnectionData
[2024-08-01 17:01:41Z INFO RunnerServer] EstablishVssConnection
[2024-08-01 17:01:41Z INFO RunnerServer] Establish connection with 60 seconds timeout.
[2024-08-01 17:01:41Z INFO GitHubActionsService] Starting operation Location.GetConnectionData
[2024-08-01 17:01:41Z INFO RunnerServer] EstablishVssConnection
[2024-08-01 17:01:41Z INFO RunnerServer] Establish connection with 60 seconds timeout.
[2024-08-01 17:01:41Z INFO GitHubActionsService] Starting operation Location.GetConnectionData
[2024-08-01 17:01:41Z INFO GitHubActionsService] Finished operation Location.GetConnectionData
[2024-08-01 17:01:41Z INFO GitHubActionsService] Finished operation Location.GetConnectionData
[2024-08-01 17:01:41Z INFO GitHubActionsService] Finished operation Location.GetConnectionData
[2024-08-01 17:01:41Z INFO Terminal] WRITE LINE: 
[2024-08-01 17:01:41Z INFO ConfigurationManager] Test Connection complete.
[2024-08-01 17:01:41Z INFO HostContext] Well known directory 'Bin': '/home/adam-noah/Desktop/lp_web/actions-runner/bin'
[2024-08-01 17:01:41Z INFO HostContext] Well known directory 'Root': '/home/adam-noah/Desktop/lp_web/actions-runner'
[2024-08-01 17:01:41Z INFO HostContext] Well known config file 'RSACredentials': '/home/adam-noah/Desktop/lp_web/actions-runner/.credentials_rsaparams'
[2024-08-01 17:01:41Z INFO RSAFileKeyManager] Creating new RSA key using 2048-bit key length
[2024-08-01 17:01:41Z INFO RSAFileKeyManager] Successfully saved RSA key parameters to file /home/adam-noah/Desktop/lp_web/actions-runner/.credentials_rsaparams
[2024-08-01 17:01:41Z INFO RSAFileKeyManager] Which2: 'chmod'
[2024-08-01 17:01:41Z INFO RSAFileKeyManager] Location: '/usr/bin/chmod'
[2024-08-01 17:01:41Z INFO HostContext] Well known directory 'Bin': '/home/adam-noah/Desktop/lp_web/actions-runner/bin'
[2024-08-01 17:01:41Z INFO HostContext] Well known directory 'Root': '/home/adam-noah/Desktop/lp_web/actions-runner'
[2024-08-01 17:01:41Z INFO ProcessInvokerWrapper] Starting process:
[2024-08-01 17:01:41Z INFO ProcessInvokerWrapper]   File name: '/usr/bin/chmod'
[2024-08-01 17:01:41Z INFO ProcessInvokerWrapper]   Arguments: '600 /home/adam-noah/Desktop/lp_web/actions-runner/.credentials_rsaparams'
[2024-08-01 17:01:41Z INFO ProcessInvokerWrapper]   Working directory: '/home/adam-noah/Desktop/lp_web/actions-runner'
[2024-08-01 17:01:41Z INFO ProcessInvokerWrapper]   Require exit code zero: 'False'
[2024-08-01 17:01:41Z INFO ProcessInvokerWrapper]   Encoding web name:  ; code page: ''
[2024-08-01 17:01:41Z INFO ProcessInvokerWrapper]   Force kill process on cancellation: 'False'
[2024-08-01 17:01:41Z INFO ProcessInvokerWrapper]   Redirected STDIN: 'False'
[2024-08-01 17:01:41Z INFO ProcessInvokerWrapper]   Persist current code page: 'False'
[2024-08-01 17:01:41Z INFO ProcessInvokerWrapper]   Keep redirected STDIN open: 'False'
[2024-08-01 17:01:41Z INFO ProcessInvokerWrapper]   High priority process: 'False'
[2024-08-01 17:01:41Z INFO ProcessInvokerWrapper] Process started with process id 1073993, waiting for process exit.
[2024-08-01 17:01:41Z INFO ProcessInvokerWrapper] STDOUT/STDERR stream read finished.
[2024-08-01 17:01:41Z INFO ProcessInvokerWrapper] STDOUT/STDERR stream read finished.
[2024-08-01 17:01:41Z INFO ProcessInvokerWrapper] Finished process 1073993 with exit code 0, and elapsed time 00:00:00.0061878.
[2024-08-01 17:01:41Z INFO RSAFileKeyManager] Successfully set permissions for RSA key parameters file /home/adam-noah/Desktop/lp_web/actions-runner/.credentials_rsaparams
[2024-08-01 17:01:41Z INFO CommandSettings] Arg 'runnergroup': ''
[2024-08-01 17:01:41Z INFO CommandSettings] Flag 'unattended': 'False'
[2024-08-01 17:01:41Z INFO PromptManager] ReadValue
[2024-08-01 17:01:41Z INFO Terminal] WRITE: Enter the name of the runner group to add this runner to: 
[2024-08-01 17:01:41Z INFO Terminal] WRITE: [press Enter for Default] 
[2024-08-01 17:01:41Z INFO Terminal] READ LINE
[2024-08-01 17:03:44Z INFO Terminal] Read value: ''
[2024-08-01 17:03:44Z INFO PromptManager] Falling back to the default: 'Default'
[2024-08-01 17:03:44Z INFO Terminal] WRITE LINE: 
[2024-08-01 17:03:44Z INFO ConfigurationManager] Found a self-hosted runner group with id 1 and name Default
[2024-08-01 17:03:44Z INFO CommandSettings] Flag 'disableupdate': 'False'
[2024-08-01 17:03:44Z INFO CommandSettings] Flag 'ephemeral': 'False'
[2024-08-01 17:03:44Z INFO CommandSettings] Arg 'name': ''
[2024-08-01 17:03:44Z INFO CommandSettings] Flag 'unattended': 'False'
[2024-08-01 17:03:44Z INFO PromptManager] ReadValue
[2024-08-01 17:03:44Z INFO Terminal] WRITE: Enter the name of runner: 
[2024-08-01 17:03:44Z INFO Terminal] WRITE: [press Enter for Bender] 
[2024-08-01 17:03:44Z INFO Terminal] READ LINE
[2024-08-01 17:03:45Z INFO Terminal] Read value: ''
[2024-08-01 17:03:45Z INFO PromptManager] Falling back to the default: 'Bender'
[2024-08-01 17:03:45Z INFO Terminal] WRITE LINE: 
[2024-08-01 17:03:45Z INFO CommandSettings] Arg 'labels': ''
[2024-08-01 17:03:45Z INFO CommandSettings] Flag 'unattended': 'False'
[2024-08-01 17:03:45Z INFO PromptManager] ReadValue
[2024-08-01 17:03:45Z INFO Terminal] WRITE: This runner will have the following labels: 'self-hosted', 'Linux', 'X64' 
Enter any additional labels (ex. label-1,label-2): 
[2024-08-01 17:03:45Z INFO Terminal] WRITE: [press Enter to skip] 
[2024-08-01 17:03:45Z INFO Terminal] READ LINE
[2024-08-01 17:03:47Z INFO Terminal] Read value: ''
[2024-08-01 17:03:47Z INFO Terminal] WRITE LINE: 
[2024-08-01 17:03:48Z INFO Terminal] WRITE LINE: A runner exists with the same name
[2024-08-01 17:03:48Z INFO CommandSettings] Flag 'replace': 'False'
[2024-08-01 17:03:48Z INFO CommandSettings] Flag 'unattended': 'False'
[2024-08-01 17:03:48Z INFO PromptManager] ReadValue
[2024-08-01 17:03:48Z INFO Terminal] WRITE: Would you like to replace the existing runner? (Y/N) 
[2024-08-01 17:03:48Z INFO Terminal] WRITE: [press Enter for N] 
[2024-08-01 17:03:48Z INFO Terminal] READ LINE
[2024-08-01 17:03:58Z INFO Terminal] Read value: 'y'
[2024-08-01 17:03:58Z INFO CommandSettings] Flag 'disableupdate': 'False'
[2024-08-01 17:03:58Z INFO CommandSettings] Flag 'no-default-labels': 'False'
[2024-08-01 17:03:58Z INFO CommandSettings] Flag 'disableupdate': 'False'
[2024-08-01 17:03:58Z INFO CommandSettings] Flag 'ephemeral': 'False'
[2024-08-01 17:03:58Z INFO ConfigurationStore] Saving OAuth credential @ /home/adam-noah/Desktop/lp_web/actions-runner/.credentials
[2024-08-01 17:03:58Z INFO ConfigurationStore] Credentials Saved.
[2024-08-01 17:03:58Z INFO ConfigurationStore] HasCredentials()
[2024-08-01 17:03:58Z INFO ConfigurationStore] stored True
[2024-08-01 17:03:58Z INFO CredentialManager] GetCredentialProvider
[2024-08-01 17:03:58Z INFO CredentialManager] Creating type OAuth
[2024-08-01 17:03:58Z INFO CredentialManager] Creating credential type: OAuth
[2024-08-01 17:03:58Z INFO RSAFileKeyManager] Loading RSA key parameters from file /home/adam-noah/Desktop/lp_web/actions-runner/.credentials_rsaparams
[2024-08-01 17:03:58Z INFO RunnerServer] EstablishVssConnection
[2024-08-01 17:03:58Z INFO RunnerServer] Establish connection with 100 seconds timeout.
[2024-08-01 17:03:58Z INFO GitHubActionsService] Starting operation Location.GetConnectionData
[2024-08-01 17:03:58Z INFO RunnerServer] EstablishVssConnection
[2024-08-01 17:03:58Z INFO RunnerServer] Establish connection with 60 seconds timeout.
[2024-08-01 17:03:58Z INFO GitHubActionsService] Starting operation Location.GetConnectionData
[2024-08-01 17:03:58Z INFO RunnerServer] EstablishVssConnection
[2024-08-01 17:03:58Z INFO RunnerServer] Establish connection with 60 seconds timeout.
[2024-08-01 17:03:58Z INFO GitHubActionsService] Starting operation Location.GetConnectionData
[2024-08-01 17:03:58Z INFO GitHubActionsService] Finished operation Location.GetConnectionData
[2024-08-01 17:03:58Z INFO GitHubActionsService] Finished operation Location.GetConnectionData
[2024-08-01 17:03:58Z INFO GitHubActionsService] Finished operation Location.GetConnectionData
[2024-08-01 17:03:58Z INFO RSAFileKeyManager] Loading RSA key parameters from file /home/adam-noah/Desktop/lp_web/actions-runner/.credentials_rsaparams
[2024-08-01 17:03:58Z INFO RSAFileKeyManager] Loading RSA key parameters from file /home/adam-noah/Desktop/lp_web/actions-runner/.credentials_rsaparams
[2024-08-01 17:03:58Z INFO GitHubActionsService] AAD Correlation ID for this token request: Unknown
[2024-08-01 17:03:58Z INFO CommandSettings] Arg 'work': ''
[2024-08-01 17:03:58Z INFO CommandSettings] Flag 'unattended': 'False'
[2024-08-01 17:03:58Z INFO PromptManager] ReadValue
[2024-08-01 17:03:58Z INFO Terminal] WRITE: Enter name of work folder: 
[2024-08-01 17:03:58Z INFO Terminal] WRITE: [press Enter for _work] 
[2024-08-01 17:03:58Z INFO Terminal] READ LINE
[2024-08-01 17:04:00Z INFO Terminal] Read value: ''
[2024-08-01 17:04:00Z INFO PromptManager] Falling back to the default: '_work'
[2024-08-01 17:04:00Z INFO ConfigurationStore] Saving runner settings.
[2024-08-01 17:04:00Z INFO ConfigurationStore] Settings Saved.
[2024-08-01 17:04:00Z INFO Terminal] WRITE LINE: 
[2024-08-01 17:04:00Z INFO Terminal] WRITE LINE: 
[2024-08-01 17:04:00Z INFO SystemDControlManager] Service name 'actions.runner.adamn1225-lp_web.Bender.service' display name 'GitHub Actions Runner (adamn1225-lp_web.Bender)' will be used for service configuration.
[2024-08-01 17:04:00Z INFO HostContext] Well known directory 'Bin': '/home/adam-noah/Desktop/lp_web/actions-runner/bin'
[2024-08-01 17:04:00Z INFO HostContext] Well known directory 'Root': '/home/adam-noah/Desktop/lp_web/actions-runner'
[2024-08-01 17:04:00Z INFO HostContext] Well known directory 'Bin': '/home/adam-noah/Desktop/lp_web/actions-runner/bin'
[2024-08-01 17:04:00Z INFO HostContext] Well known directory 'Bin': '/home/adam-noah/Desktop/lp_web/actions-runner/bin'
[2024-08-01 17:04:00Z INFO HostContext] Well known directory 'Root': '/home/adam-noah/Desktop/lp_web/actions-runner'
[2024-08-01 17:04:00Z INFO UnixUtil] Which2: 'chmod'
[2024-08-01 17:04:00Z INFO UnixUtil] Location: '/usr/bin/chmod'
[2024-08-01 17:04:00Z INFO UnixUtil] Running /usr/bin/chmod 755 "/home/adam-noah/Desktop/lp_web/actions-runner/svc.sh"
[2024-08-01 17:04:00Z INFO ProcessInvokerWrapper] Starting process:
[2024-08-01 17:04:00Z INFO ProcessInvokerWrapper]   File name: '/usr/bin/chmod'
[2024-08-01 17:04:00Z INFO ProcessInvokerWrapper]   Arguments: '755 "/home/adam-noah/Desktop/lp_web/actions-runner/svc.sh"'
[2024-08-01 17:04:00Z INFO ProcessInvokerWrapper]   Working directory: '/home/adam-noah/Desktop/lp_web/actions-runner'
[2024-08-01 17:04:00Z INFO ProcessInvokerWrapper]   Require exit code zero: 'True'
[2024-08-01 17:04:00Z INFO ProcessInvokerWrapper]   Encoding web name:  ; code page: ''
[2024-08-01 17:04:00Z INFO ProcessInvokerWrapper]   Force kill process on cancellation: 'False'
[2024-08-01 17:04:00Z INFO ProcessInvokerWrapper]   Redirected STDIN: 'False'
[2024-08-01 17:04:00Z INFO ProcessInvokerWrapper]   Persist current code page: 'False'
[2024-08-01 17:04:00Z INFO ProcessInvokerWrapper]   Keep redirected STDIN open: 'False'
[2024-08-01 17:04:00Z INFO ProcessInvokerWrapper]   High priority process: 'False'
[2024-08-01 17:04:00Z INFO ProcessInvokerWrapper] Updated oom_score_adj to 500 for PID: 1074186.
[2024-08-01 17:04:00Z INFO ProcessInvokerWrapper] Process started with process id 1074186, waiting for process exit.
[2024-08-01 17:04:00Z INFO ProcessInvokerWrapper] STDOUT/STDERR stream read finished.
[2024-08-01 17:04:00Z INFO ProcessInvokerWrapper] STDOUT/STDERR stream read finished.
[2024-08-01 17:04:00Z INFO ProcessInvokerWrapper] Finished process 1074186 with exit code 0, and elapsed time 00:00:00.0011226.
[2024-08-01 17:04:00Z INFO Listener] Runner execution has finished with return code 0
