[2024-08-01 17:04:24Z INFO HostContext] No proxy settings were found based on environmental variables (http_proxy/https_proxy/HTTP_PROXY/HTTPS_PROXY)
[2024-08-01 17:04:24Z INFO HostContext] Well known directory 'Bin': '/home/adam-noah/Desktop/lp_web/actions-runner/bin'
[2024-08-01 17:04:24Z INFO HostContext] Well known directory 'Root': '/home/adam-noah/Desktop/lp_web/actions-runner'
[2024-08-01 17:04:24Z INFO HostContext] Well known config file 'Credentials': '/home/adam-noah/Desktop/lp_web/actions-runner/.credentials'
[2024-08-01 17:04:24Z INFO HostContext] Well known directory 'Bin': '/home/adam-noah/Desktop/lp_web/actions-runner/bin'
[2024-08-01 17:04:24Z INFO HostContext] Well known directory 'Root': '/home/adam-noah/Desktop/lp_web/actions-runner'
[2024-08-01 17:04:24Z INFO HostContext] Well known config file 'Runner': '/home/adam-noah/Desktop/lp_web/actions-runner/.runner'
[2024-08-01 17:04:24Z INFO Listener] Runner is built for Linux (X64) - linux-x64.
[2024-08-01 17:04:24Z INFO Listener] RuntimeInformation: Linux 6.8.0-39-generic #39-Ubuntu SMP PREEMPT_DYNAMIC Fri Jul  5 21:49:14 UTC 2024.
[2024-08-01 17:04:24Z INFO Listener] Version: 2.317.0
[2024-08-01 17:04:24Z INFO Listener] Commit: 6dc005ee3690a0303e0d7269b6f60295d22dcfad
[2024-08-01 17:04:24Z INFO Listener] Culture: en-US
[2024-08-01 17:04:24Z INFO Listener] UI Culture: en-US
[2024-08-01 17:04:24Z INFO HostContext] Well known directory 'Bin': '/home/adam-noah/Desktop/lp_web/actions-runner/bin'
[2024-08-01 17:04:24Z INFO HostContext] Well known directory 'Root': '/home/adam-noah/Desktop/lp_web/actions-runner'
[2024-08-01 17:04:24Z INFO Listener] Validating directory permissions for: '/home/adam-noah/Desktop/lp_web/actions-runner'
[2024-08-01 17:04:24Z INFO CommandLineParser] Parse
[2024-08-01 17:04:24Z INFO CommandLineParser] Parsing 1 args
[2024-08-01 17:04:24Z INFO CommandLineParser] parsing argument
[2024-08-01 17:04:24Z INFO CommandLineParser] HasArgs: False
[2024-08-01 17:04:24Z INFO CommandLineParser] Adding Command: run
[2024-08-01 17:04:24Z INFO Listener] Arguments parsed
[2024-08-01 17:04:24Z INFO Runner] ExecuteCommand
[2024-08-01 17:04:24Z INFO ConfigurationStore] currentAssemblyLocation: /home/adam-noah/Desktop/lp_web/actions-runner/bin/Runner.Listener.dll
[2024-08-01 17:04:24Z INFO HostContext] Well known directory 'Bin': '/home/adam-noah/Desktop/lp_web/actions-runner/bin'
[2024-08-01 17:04:24Z INFO ConfigurationStore] binPath: /home/adam-noah/Desktop/lp_web/actions-runner/bin
[2024-08-01 17:04:24Z INFO HostContext] Well known directory 'Bin': '/home/adam-noah/Desktop/lp_web/actions-runner/bin'
[2024-08-01 17:04:24Z INFO HostContext] Well known directory 'Root': '/home/adam-noah/Desktop/lp_web/actions-runner'
[2024-08-01 17:04:24Z INFO ConfigurationStore] RootFolder: /home/adam-noah/Desktop/lp_web/actions-runner
[2024-08-01 17:04:24Z INFO HostContext] Well known directory 'Bin': '/home/adam-noah/Desktop/lp_web/actions-runner/bin'
[2024-08-01 17:04:24Z INFO HostContext] Well known directory 'Root': '/home/adam-noah/Desktop/lp_web/actions-runner'
[2024-08-01 17:04:24Z INFO HostContext] Well known config file 'Runner': '/home/adam-noah/Desktop/lp_web/actions-runner/.runner'
[2024-08-01 17:04:24Z INFO ConfigurationStore] ConfigFilePath: /home/adam-noah/Desktop/lp_web/actions-runner/.runner
[2024-08-01 17:04:24Z INFO HostContext] Well known directory 'Bin': '/home/adam-noah/Desktop/lp_web/actions-runner/bin'
[2024-08-01 17:04:24Z INFO HostContext] Well known directory 'Root': '/home/adam-noah/Desktop/lp_web/actions-runner'
[2024-08-01 17:04:24Z INFO HostContext] Well known config file 'Credentials': '/home/adam-noah/Desktop/lp_web/actions-runner/.credentials'
[2024-08-01 17:04:24Z INFO ConfigurationStore] CredFilePath: /home/adam-noah/Desktop/lp_web/actions-runner/.credentials
[2024-08-01 17:04:24Z INFO HostContext] Well known directory 'Bin': '/home/adam-noah/Desktop/lp_web/actions-runner/bin'
[2024-08-01 17:04:24Z INFO HostContext] Well known directory 'Root': '/home/adam-noah/Desktop/lp_web/actions-runner'
[2024-08-01 17:04:24Z INFO HostContext] Well known config file 'MigratedCredentials': '/home/adam-noah/Desktop/lp_web/actions-runner/.credentials_migrated'
[2024-08-01 17:04:24Z INFO ConfigurationStore] MigratedCredFilePath: /home/adam-noah/Desktop/lp_web/actions-runner/.credentials_migrated
[2024-08-01 17:04:24Z INFO HostContext] Well known directory 'Bin': '/home/adam-noah/Desktop/lp_web/actions-runner/bin'
[2024-08-01 17:04:24Z INFO HostContext] Well known directory 'Root': '/home/adam-noah/Desktop/lp_web/actions-runner'
[2024-08-01 17:04:24Z INFO HostContext] Well known config file 'Service': '/home/adam-noah/Desktop/lp_web/actions-runner/.service'
[2024-08-01 17:04:24Z INFO ConfigurationStore] ServiceConfigFilePath: /home/adam-noah/Desktop/lp_web/actions-runner/.service
[2024-08-01 17:04:24Z INFO CommandSettings] Flag 'help': 'False'
[2024-08-01 17:04:24Z INFO CommandSettings] Flag 'version': 'False'
[2024-08-01 17:04:24Z INFO CommandSettings] Flag 'commit': 'False'
[2024-08-01 17:04:24Z INFO CommandSettings] Flag 'check': 'False'
[2024-08-01 17:04:24Z INFO CommandSettings] Command 'configure': 'False'
[2024-08-01 17:04:24Z INFO CommandSettings] Command 'remove': 'False'
[2024-08-01 17:04:24Z INFO CommandSettings] Command 'warmup': 'False'
[2024-08-01 17:04:24Z INFO ConfigurationManager] LoadSettings
[2024-08-01 17:04:24Z INFO ConfigurationStore] IsConfigured()
[2024-08-01 17:04:24Z INFO ConfigurationStore] IsConfigured: True
[2024-08-01 17:04:24Z INFO ConfigurationManager] Is configured: True
[2024-08-01 17:04:24Z INFO ConfigurationStore] Read setting file: 290 chars
[2024-08-01 17:04:24Z INFO ConfigurationManager] Settings Loaded
[2024-08-01 17:04:24Z INFO ConfigurationStore] IsServiceConfigured()
[2024-08-01 17:04:24Z INFO ConfigurationStore] IsServiceConfigured: False
[2024-08-01 17:04:24Z INFO CommandSettings] Command 'run': 'True'
[2024-08-01 17:04:24Z INFO ConfigurationStore] IsConfigured()
[2024-08-01 17:04:24Z INFO ConfigurationStore] IsConfigured: True
[2024-08-01 17:04:24Z INFO ConfigurationManager] Is configured: True
[2024-08-01 17:04:24Z INFO Runner] Could not parse the argument value '' for StartupType. Defaulting to Manual
[2024-08-01 17:04:24Z INFO Runner] Set runner startup type - Manual
[2024-08-01 17:04:24Z INFO CommandSettings] Flag 'once': 'False'
[2024-08-01 17:04:24Z INFO CommandSettings] Flag 'once': 'False'
[2024-08-01 17:04:24Z INFO Runner] RunAsync
[2024-08-01 17:04:24Z INFO ConfigurationManager] LoadSettings
[2024-08-01 17:04:24Z INFO ConfigurationStore] IsConfigured()
[2024-08-01 17:04:24Z INFO ConfigurationStore] IsConfigured: True
[2024-08-01 17:04:24Z INFO ConfigurationManager] Is configured: True
[2024-08-01 17:04:24Z INFO ConfigurationManager] Settings Loaded
[2024-08-01 17:04:24Z INFO MessageListener] {
  "AgentId": 21,
  "AgentName": "Bender",
  "PoolId": 1,
  "PoolName": "Default",
  "ServerUrl": "https://pipelinesghubeus24.actions.githubusercontent.com/ibF4P1RBuA4eR8yc2gPAZdfLdN67HgerZjVd9Y86agUHO014F8/",
  "GitHubUrl": "https://github.com/adamn1225/lp_web",
  "WorkFolder": "_work"
}
[2024-08-01 17:04:24Z INFO MessageListener] Loading Credentials
[2024-08-01 17:04:24Z INFO ConfigurationStore] HasCredentials()
[2024-08-01 17:04:24Z INFO ConfigurationStore] stored True
[2024-08-01 17:04:24Z INFO CredentialManager] GetCredentialProvider
[2024-08-01 17:04:24Z INFO CredentialManager] Creating type OAuth
[2024-08-01 17:04:24Z INFO CredentialManager] Creating credential type: OAuth
[2024-08-01 17:04:24Z INFO HostContext] Well known directory 'Bin': '/home/adam-noah/Desktop/lp_web/actions-runner/bin'
[2024-08-01 17:04:24Z INFO HostContext] Well known directory 'Root': '/home/adam-noah/Desktop/lp_web/actions-runner'
[2024-08-01 17:04:24Z INFO HostContext] Well known config file 'RSACredentials': '/home/adam-noah/Desktop/lp_web/actions-runner/.credentials_rsaparams'
[2024-08-01 17:04:24Z INFO RSAFileKeyManager] Loading RSA key parameters from file /home/adam-noah/Desktop/lp_web/actions-runner/.credentials_rsaparams
[2024-08-01 17:04:24Z INFO MessageListener] Attempt to create session.
[2024-08-01 17:04:24Z INFO MessageListener] Connecting to the Runner Server...
[2024-08-01 17:04:24Z INFO RunnerServer] EstablishVssConnection
[2024-08-01 17:04:24Z INFO RunnerServer] Establish connection with 100 seconds timeout.
[2024-08-01 17:04:24Z INFO GitHubActionsService] Starting operation Location.GetConnectionData
[2024-08-01 17:04:24Z INFO RunnerServer] EstablishVssConnection
[2024-08-01 17:04:24Z INFO RunnerServer] Establish connection with 60 seconds timeout.
[2024-08-01 17:04:24Z INFO GitHubActionsService] Starting operation Location.GetConnectionData
[2024-08-01 17:04:24Z INFO RunnerServer] EstablishVssConnection
[2024-08-01 17:04:24Z INFO RunnerServer] Establish connection with 60 seconds timeout.
[2024-08-01 17:04:24Z INFO GitHubActionsService] Starting operation Location.GetConnectionData
[2024-08-01 17:04:25Z INFO GitHubActionsService] Finished operation Location.GetConnectionData
[2024-08-01 17:04:25Z INFO GitHubActionsService] Finished operation Location.GetConnectionData
[2024-08-01 17:04:25Z INFO GitHubActionsService] Finished operation Location.GetConnectionData
[2024-08-01 17:04:25Z INFO MessageListener] VssConnection created
[2024-08-01 17:04:25Z INFO Terminal] WRITE LINE: 
[2024-08-01 17:04:25Z INFO Terminal] WRITE LINE: 
[2024-08-01 17:04:25Z INFO RSAFileKeyManager] Loading RSA key parameters from file /home/adam-noah/Desktop/lp_web/actions-runner/.credentials_rsaparams
[2024-08-01 17:04:25Z INFO RSAFileKeyManager] Loading RSA key parameters from file /home/adam-noah/Desktop/lp_web/actions-runner/.credentials_rsaparams
[2024-08-01 17:04:25Z INFO GitHubActionsService] AAD Correlation ID for this token request: Unknown
[2024-08-01 17:04:25Z INFO MessageListener] Session created.
[2024-08-01 17:04:25Z INFO Terminal] WRITE LINE: Current runner version: '2.317.0'
[2024-08-01 17:04:25Z INFO Terminal] WRITE LINE: 2024-08-01 17:04:25Z: Listening for Jobs
[2024-08-01 17:04:25Z INFO JobDispatcher] Set runner/worker IPC timeout to 30 seconds.
[2024-08-01 17:04:33Z INFO Terminal] WRITE LINE: Exiting...
[2024-08-01 17:04:33Z INFO ConfigurationStore] IsServiceConfigured()
[2024-08-01 17:04:33Z INFO ConfigurationStore] IsServiceConfigured: False
[2024-08-01 17:04:33Z INFO HostContext] Runner will be shutdown for UserCancelled
[2024-08-01 17:04:33Z WARN GitHubActionsService] GET request to https://pipelinesghubeus24.actions.githubusercontent.com/ibF4P1RBuA4eR8yc2gPAZdfLdN67HgerZjVd9Y86agUHO014F8/_apis/distributedtask/pools/1/messages?sessionId=cf918168-2d02-4259-99a3-7b71c34ebc65&status=Online&runnerVersion=2.317.0&os=Linux&architecture=X64&disableUpdate=false has been cancelled.
[2024-08-01 17:04:33Z INFO MessageListener] Get next message has been cancelled.
[2024-08-01 17:04:33Z INFO JobDispatcher] Shutting down JobDispatcher. Make sure all WorkerDispatcher has finished.
[2024-08-01 17:04:33Z INFO Runner] Deleting Runner Session...
[2024-08-01 17:04:33Z INFO Listener] Runner execution been cancelled.
